{"/Users/miriamfoster/Desktop/softeng/37/express-biztime/app.js": {"path":"/Users/miriamfoster/Desktop/softeng/37/express-biztime/app.js","statementMap":{"0":{"start":{"line":2,"column":16},"end":{"line":2,"column":34}},"1":{"start":{"line":3,"column":12},"end":{"line":3,"column":21}},"2":{"start":{"line":4,"column":21},"end":{"line":4,"column":46}},"3":{"start":{"line":6,"column":0},"end":{"line":6,"column":24}},"4":{"start":{"line":8,"column":24},"end":{"line":8,"column":53}},"5":{"start":{"line":9,"column":23},"end":{"line":9,"column":51}},"6":{"start":{"line":11,"column":0},"end":{"line":11,"column":64}},"7":{"start":{"line":12,"column":0},"end":{"line":12,"column":62}},"8":{"start":{"line":14,"column":0},"end":{"line":14,"column":39}},"9":{"start":{"line":15,"column":0},"end":{"line":15,"column":37}},"10":{"start":{"line":18,"column":0},"end":{"line":21,"column":3}},"11":{"start":{"line":19,"column":14},"end":{"line":19,"column":48}},"12":{"start":{"line":20,"column":2},"end":{"line":20,"column":19}},"13":{"start":{"line":24,"column":0},"end":{"line":31,"column":3}},"14":{"start":{"line":25,"column":2},"end":{"line":25,"column":32}},"15":{"start":{"line":27,"column":2},"end":{"line":30,"column":5}},"16":{"start":{"line":33,"column":0},"end":{"line":33,"column":21}}},"fnMap":{"0":{"name":"(anonymous_0)","decl":{"start":{"line":18,"column":8},"end":{"line":18,"column":9}},"loc":{"start":{"line":18,"column":33},"end":{"line":21,"column":1}},"line":18},"1":{"name":"(anonymous_1)","decl":{"start":{"line":24,"column":8},"end":{"line":24,"column":9}},"loc":{"start":{"line":24,"column":33},"end":{"line":31,"column":1}},"line":24}},"branchMap":{"0":{"loc":{"start":{"line":25,"column":13},"end":{"line":25,"column":30}},"type":"binary-expr","locations":[{"start":{"line":25,"column":13},"end":{"line":25,"column":23}},{"start":{"line":25,"column":27},"end":{"line":25,"column":30}}],"line":25}},"s":{"0":2,"1":2,"2":2,"3":2,"4":2,"5":2,"6":2,"7":2,"8":2,"9":2,"10":2,"11":0,"12":0,"13":2,"14":0,"15":0,"16":2},"f":{"0":0,"1":0},"b":{"0":[0,0]},"_coverageSchema":"1a1c01bbd47fc00a2c39e90264f33305004495a9","hash":"0abd2ec9bed5b8de6a93eaef8fd3d012db4cb30b"}
,"/Users/miriamfoster/Desktop/softeng/37/express-biztime/db.js": {"path":"/Users/miriamfoster/Desktop/softeng/37/express-biztime/db.js","statementMap":{"0":{"start":{"line":3,"column":19},"end":{"line":3,"column":32}},"1":{"start":{"line":5,"column":15},"end":{"line":7,"column":2}},"2":{"start":{"line":9,"column":0},"end":{"line":9,"column":17}},"3":{"start":{"line":11,"column":0},"end":{"line":11,"column":24}}},"fnMap":{},"branchMap":{},"s":{"0":2,"1":2,"2":2,"3":2},"f":{},"b":{},"_coverageSchema":"1a1c01bbd47fc00a2c39e90264f33305004495a9","hash":"f42f763f51d5811a1a9ab1c1a1821b91e972eb93"}
,"/Users/miriamfoster/Desktop/softeng/37/express-biztime/expressError.js": {"path":"/Users/miriamfoster/Desktop/softeng/37/express-biztime/expressError.js","statementMap":{"0":{"start":{"line":9,"column":4},"end":{"line":9,"column":12}},"1":{"start":{"line":10,"column":4},"end":{"line":10,"column":27}},"2":{"start":{"line":11,"column":4},"end":{"line":11,"column":25}},"3":{"start":{"line":12,"column":4},"end":{"line":12,"column":30}},"4":{"start":{"line":17,"column":0},"end":{"line":17,"column":30}}},"fnMap":{"0":{"name":"(anonymous_0)","decl":{"start":{"line":8,"column":2},"end":{"line":8,"column":3}},"loc":{"start":{"line":8,"column":31},"end":{"line":13,"column":3}},"line":8}},"branchMap":{},"s":{"0":0,"1":0,"2":0,"3":0,"4":2},"f":{"0":0},"b":{},"_coverageSchema":"1a1c01bbd47fc00a2c39e90264f33305004495a9","hash":"3fd73fd30e9aa74805e61c54ef29683a61dd6aa5"}
,"/Users/miriamfoster/Desktop/softeng/37/express-biztime/routes/companies.js": {"path":"/Users/miriamfoster/Desktop/softeng/37/express-biztime/routes/companies.js","statementMap":{"0":{"start":{"line":1,"column":16},"end":{"line":1,"column":34}},"1":{"start":{"line":2,"column":15},"end":{"line":2,"column":31}},"2":{"start":{"line":3,"column":11},"end":{"line":3,"column":27}},"3":{"start":{"line":4,"column":16},"end":{"line":4,"column":34}},"4":{"start":{"line":6,"column":0},"end":{"line":13,"column":3}},"5":{"start":{"line":7,"column":4},"end":{"line":12,"column":5}},"6":{"start":{"line":8,"column":23},"end":{"line":8,"column":73}},"7":{"start":{"line":9,"column":8},"end":{"line":9,"column":52}},"8":{"start":{"line":11,"column":8},"end":{"line":11,"column":25}},"9":{"start":{"line":15,"column":0},"end":{"line":38,"column":3}},"10":{"start":{"line":16,"column":4},"end":{"line":37,"column":5}},"11":{"start":{"line":17,"column":25},"end":{"line":17,"column":35}},"12":{"start":{"line":18,"column":27},"end":{"line":18,"column":114}},"13":{"start":{"line":20,"column":8},"end":{"line":22,"column":9}},"14":{"start":{"line":21,"column":12},"end":{"line":21,"column":72}},"15":{"start":{"line":24,"column":26},"end":{"line":24,"column":96}},"16":{"start":{"line":25,"column":26},"end":{"line":28,"column":9}},"17":{"start":{"line":30,"column":24},"end":{"line":30,"column":42}},"18":{"start":{"line":31,"column":8},"end":{"line":31,"column":61}},"19":{"start":{"line":31,"column":53},"end":{"line":31,"column":59}},"20":{"start":{"line":32,"column":8},"end":{"line":32,"column":69}},"21":{"start":{"line":32,"column":55},"end":{"line":32,"column":67}},"22":{"start":{"line":34,"column":8},"end":{"line":34,"column":37}},"23":{"start":{"line":36,"column":8},"end":{"line":36,"column":25}},"24":{"start":{"line":40,"column":0},"end":{"line":67,"column":3}},"25":{"start":{"line":41,"column":4},"end":{"line":66,"column":5}},"26":{"start":{"line":42,"column":50},"end":{"line":42,"column":58}},"27":{"start":{"line":44,"column":8},"end":{"line":46,"column":9}},"28":{"start":{"line":45,"column":12},"end":{"line":45,"column":72}},"29":{"start":{"line":47,"column":21},"end":{"line":47,"column":65}},"30":{"start":{"line":48,"column":23},"end":{"line":51,"column":9}},"31":{"start":{"line":53,"column":8},"end":{"line":60,"column":9}},"32":{"start":{"line":54,"column":12},"end":{"line":59,"column":13}},"33":{"start":{"line":55,"column":16},"end":{"line":58,"column":18}},"34":{"start":{"line":62,"column":8},"end":{"line":62,"column":65}},"35":{"start":{"line":64,"column":8},"end":{"line":64,"column":27}},"36":{"start":{"line":65,"column":8},"end":{"line":65,"column":25}},"37":{"start":{"line":69,"column":0},"end":{"line":86,"column":3}},"38":{"start":{"line":70,"column":4},"end":{"line":85,"column":5}},"39":{"start":{"line":71,"column":25},"end":{"line":71,"column":35}},"40":{"start":{"line":72,"column":38},"end":{"line":72,"column":46}},"41":{"start":{"line":73,"column":23},"end":{"line":76,"column":9}},"42":{"start":{"line":78,"column":8},"end":{"line":80,"column":9}},"43":{"start":{"line":79,"column":12},"end":{"line":79,"column":72}},"44":{"start":{"line":82,"column":8},"end":{"line":82,"column":53}},"45":{"start":{"line":84,"column":8},"end":{"line":84,"column":25}},"46":{"start":{"line":88,"column":0},"end":{"line":101,"column":3}},"47":{"start":{"line":89,"column":4},"end":{"line":100,"column":5}},"48":{"start":{"line":90,"column":25},"end":{"line":90,"column":35}},"49":{"start":{"line":91,"column":23},"end":{"line":91,"column":101}},"50":{"start":{"line":93,"column":8},"end":{"line":95,"column":9}},"51":{"start":{"line":94,"column":12},"end":{"line":94,"column":72}},"52":{"start":{"line":97,"column":8},"end":{"line":97,"column":47}},"53":{"start":{"line":99,"column":8},"end":{"line":99,"column":25}},"54":{"start":{"line":103,"column":0},"end":{"line":103,"column":24}}},"fnMap":{"0":{"name":"(anonymous_0)","decl":{"start":{"line":6,"column":16},"end":{"line":6,"column":17}},"loc":{"start":{"line":6,"column":42},"end":{"line":13,"column":1}},"line":6},"1":{"name":"(anonymous_1)","decl":{"start":{"line":15,"column":21},"end":{"line":15,"column":22}},"loc":{"start":{"line":15,"column":47},"end":{"line":38,"column":1}},"line":15},"2":{"name":"(anonymous_2)","decl":{"start":{"line":31,"column":46},"end":{"line":31,"column":47}},"loc":{"start":{"line":31,"column":53},"end":{"line":31,"column":59}},"line":31},"3":{"name":"(anonymous_3)","decl":{"start":{"line":32,"column":48},"end":{"line":32,"column":49}},"loc":{"start":{"line":32,"column":55},"end":{"line":32,"column":67}},"line":32},"4":{"name":"(anonymous_4)","decl":{"start":{"line":40,"column":17},"end":{"line":40,"column":18}},"loc":{"start":{"line":40,"column":43},"end":{"line":67,"column":1}},"line":40},"5":{"name":"(anonymous_5)","decl":{"start":{"line":69,"column":21},"end":{"line":69,"column":22}},"loc":{"start":{"line":69,"column":47},"end":{"line":86,"column":1}},"line":69},"6":{"name":"(anonymous_6)","decl":{"start":{"line":88,"column":24},"end":{"line":88,"column":25}},"loc":{"start":{"line":88,"column":50},"end":{"line":101,"column":1}},"line":88}},"branchMap":{"0":{"loc":{"start":{"line":20,"column":8},"end":{"line":22,"column":9}},"type":"if","locations":[{"start":{"line":20,"column":8},"end":{"line":22,"column":9}},{"start":{},"end":{}}],"line":20},"1":{"loc":{"start":{"line":44,"column":8},"end":{"line":46,"column":9}},"type":"if","locations":[{"start":{"line":44,"column":8},"end":{"line":46,"column":9}},{"start":{},"end":{}}],"line":44},"2":{"loc":{"start":{"line":53,"column":8},"end":{"line":60,"column":9}},"type":"if","locations":[{"start":{"line":53,"column":8},"end":{"line":60,"column":9}},{"start":{},"end":{}}],"line":53},"3":{"loc":{"start":{"line":53,"column":12},"end":{"line":53,"column":47}},"type":"binary-expr","locations":[{"start":{"line":53,"column":12},"end":{"line":53,"column":22}},{"start":{"line":53,"column":26},"end":{"line":53,"column":47}}],"line":53},"4":{"loc":{"start":{"line":78,"column":8},"end":{"line":80,"column":9}},"type":"if","locations":[{"start":{"line":78,"column":8},"end":{"line":80,"column":9}},{"start":{},"end":{}}],"line":78},"5":{"loc":{"start":{"line":93,"column":8},"end":{"line":95,"column":9}},"type":"if","locations":[{"start":{"line":93,"column":8},"end":{"line":95,"column":9}},{"start":{},"end":{}}],"line":93}},"s":{"0":2,"1":2,"2":2,"3":2,"4":2,"5":1,"6":1,"7":1,"8":0,"9":2,"10":2,"11":2,"12":2,"13":2,"14":1,"15":1,"16":1,"17":1,"18":1,"19":0,"20":1,"21":0,"22":1,"23":0,"24":2,"25":2,"26":2,"27":2,"28":1,"29":1,"30":1,"31":1,"32":1,"33":1,"34":1,"35":0,"36":0,"37":2,"38":2,"39":2,"40":2,"41":2,"42":2,"43":1,"44":1,"45":0,"46":2,"47":2,"48":2,"49":2,"50":2,"51":1,"52":1,"53":0,"54":2},"f":{"0":1,"1":2,"2":0,"3":0,"4":2,"5":2,"6":2},"b":{"0":[1,1],"1":[1,1],"2":[1,0],"3":[1,1],"4":[1,1],"5":[1,1]},"_coverageSchema":"1a1c01bbd47fc00a2c39e90264f33305004495a9","hash":"a2e8711dbc0a1fb269b5a4c1d9ccdec7bb954d79"}
,"/Users/miriamfoster/Desktop/softeng/37/express-biztime/routes/invoices.js": {"path":"/Users/miriamfoster/Desktop/softeng/37/express-biztime/routes/invoices.js","statementMap":{"0":{"start":{"line":1,"column":16},"end":{"line":1,"column":34}},"1":{"start":{"line":2,"column":15},"end":{"line":2,"column":31}},"2":{"start":{"line":3,"column":11},"end":{"line":3,"column":27}},"3":{"start":{"line":5,"column":0},"end":{"line":12,"column":3}},"4":{"start":{"line":6,"column":4},"end":{"line":11,"column":5}},"5":{"start":{"line":7,"column":23},"end":{"line":7,"column":75}},"6":{"start":{"line":8,"column":8},"end":{"line":8,"column":51}},"7":{"start":{"line":10,"column":8},"end":{"line":10,"column":25}},"8":{"start":{"line":14,"column":0},"end":{"line":54,"column":3}},"9":{"start":{"line":15,"column":4},"end":{"line":53,"column":5}},"10":{"start":{"line":16,"column":23},"end":{"line":16,"column":33}},"11":{"start":{"line":17,"column":23},"end":{"line":30,"column":9}},"12":{"start":{"line":32,"column":8},"end":{"line":34,"column":9}},"13":{"start":{"line":33,"column":12},"end":{"line":33,"column":72}},"14":{"start":{"line":36,"column":21},"end":{"line":36,"column":35}},"15":{"start":{"line":37,"column":24},"end":{"line":48,"column":9}},"16":{"start":{"line":50,"column":8},"end":{"line":50,"column":37}},"17":{"start":{"line":52,"column":8},"end":{"line":52,"column":25}},"18":{"start":{"line":56,"column":0},"end":{"line":67,"column":3}},"19":{"start":{"line":57,"column":4},"end":{"line":66,"column":5}},"20":{"start":{"line":58,"column":35},"end":{"line":58,"column":43}},"21":{"start":{"line":59,"column":23},"end":{"line":62,"column":9}},"22":{"start":{"line":63,"column":8},"end":{"line":63,"column":65}},"23":{"start":{"line":65,"column":8},"end":{"line":65,"column":25}},"24":{"start":{"line":69,"column":0},"end":{"line":94,"column":3}},"25":{"start":{"line":70,"column":4},"end":{"line":93,"column":5}},"26":{"start":{"line":71,"column":23},"end":{"line":71,"column":33}},"27":{"start":{"line":72,"column":30},"end":{"line":72,"column":38}},"28":{"start":{"line":74,"column":23},"end":{"line":74,"column":27}},"29":{"start":{"line":75,"column":8},"end":{"line":79,"column":9}},"30":{"start":{"line":76,"column":12},"end":{"line":76,"column":34}},"31":{"start":{"line":77,"column":15},"end":{"line":79,"column":9}},"32":{"start":{"line":78,"column":12},"end":{"line":78,"column":28}},"33":{"start":{"line":81,"column":23},"end":{"line":84,"column":9}},"34":{"start":{"line":86,"column":8},"end":{"line":88,"column":9}},"35":{"start":{"line":87,"column":12},"end":{"line":87,"column":72}},"36":{"start":{"line":90,"column":8},"end":{"line":90,"column":53}},"37":{"start":{"line":92,"column":8},"end":{"line":92,"column":25}},"38":{"start":{"line":97,"column":0},"end":{"line":110,"column":7}},"39":{"start":{"line":98,"column":4},"end":{"line":109,"column":5}},"40":{"start":{"line":99,"column":23},"end":{"line":99,"column":33}},"41":{"start":{"line":100,"column":23},"end":{"line":100,"column":94}},"42":{"start":{"line":102,"column":8},"end":{"line":104,"column":9}},"43":{"start":{"line":103,"column":12},"end":{"line":103,"column":72}},"44":{"start":{"line":106,"column":8},"end":{"line":106,"column":47}},"45":{"start":{"line":108,"column":8},"end":{"line":108,"column":25}},"46":{"start":{"line":112,"column":0},"end":{"line":112,"column":24}}},"fnMap":{"0":{"name":"(anonymous_0)","decl":{"start":{"line":5,"column":16},"end":{"line":5,"column":17}},"loc":{"start":{"line":5,"column":42},"end":{"line":12,"column":1}},"line":5},"1":{"name":"(anonymous_1)","decl":{"start":{"line":14,"column":19},"end":{"line":14,"column":20}},"loc":{"start":{"line":14,"column":45},"end":{"line":54,"column":1}},"line":14},"2":{"name":"(anonymous_2)","decl":{"start":{"line":56,"column":17},"end":{"line":56,"column":18}},"loc":{"start":{"line":56,"column":43},"end":{"line":67,"column":1}},"line":56},"3":{"name":"(anonymous_3)","decl":{"start":{"line":69,"column":19},"end":{"line":69,"column":20}},"loc":{"start":{"line":69,"column":45},"end":{"line":94,"column":1}},"line":69},"4":{"name":"(anonymous_4)","decl":{"start":{"line":97,"column":22},"end":{"line":97,"column":23}},"loc":{"start":{"line":97,"column":48},"end":{"line":110,"column":5}},"line":97}},"branchMap":{"0":{"loc":{"start":{"line":32,"column":8},"end":{"line":34,"column":9}},"type":"if","locations":[{"start":{"line":32,"column":8},"end":{"line":34,"column":9}},{"start":{},"end":{}}],"line":32},"1":{"loc":{"start":{"line":75,"column":8},"end":{"line":79,"column":9}},"type":"if","locations":[{"start":{"line":75,"column":8},"end":{"line":79,"column":9}},{"start":{"line":77,"column":15},"end":{"line":79,"column":9}}],"line":75},"2":{"loc":{"start":{"line":77,"column":15},"end":{"line":79,"column":9}},"type":"if","locations":[{"start":{"line":77,"column":15},"end":{"line":79,"column":9}},{"start":{},"end":{}}],"line":77},"3":{"loc":{"start":{"line":86,"column":8},"end":{"line":88,"column":9}},"type":"if","locations":[{"start":{"line":86,"column":8},"end":{"line":88,"column":9}},{"start":{},"end":{}}],"line":86},"4":{"loc":{"start":{"line":102,"column":8},"end":{"line":104,"column":9}},"type":"if","locations":[{"start":{"line":102,"column":8},"end":{"line":104,"column":9}},{"start":{},"end":{}}],"line":102}},"s":{"0":2,"1":2,"2":2,"3":2,"4":1,"5":1,"6":1,"7":0,"8":2,"9":2,"10":2,"11":2,"12":2,"13":1,"14":1,"15":1,"16":1,"17":0,"18":2,"19":1,"20":1,"21":1,"22":1,"23":0,"24":2,"25":2,"26":2,"27":2,"28":2,"29":2,"30":2,"31":0,"32":0,"33":2,"34":2,"35":1,"36":1,"37":0,"38":2,"39":2,"40":2,"41":2,"42":2,"43":1,"44":1,"45":0,"46":2},"f":{"0":1,"1":2,"2":1,"3":2,"4":2},"b":{"0":[1,1],"1":[2,0],"2":[0,0],"3":[1,1],"4":[1,1]},"_coverageSchema":"1a1c01bbd47fc00a2c39e90264f33305004495a9","hash":"eefd7fb4c0ce24ae6b0f14570e2d8332845ddfdd"}
}
