TN:
SF:app.js
FN:18,(anonymous_0)
FN:24,(anonymous_1)
FNF:2
FNH:0
FNDA:0,(anonymous_0)
FNDA:0,(anonymous_1)
DA:2,2
DA:3,2
DA:4,2
DA:6,2
DA:8,2
DA:9,2
DA:11,2
DA:12,2
DA:14,2
DA:15,2
DA:18,2
DA:19,0
DA:20,0
DA:24,2
DA:25,0
DA:27,0
DA:33,2
LF:17
LH:13
BRDA:25,0,0,0
BRDA:25,0,1,0
BRF:2
BRH:0
end_of_record
TN:
SF:db.js
FNF:0
FNH:0
DA:3,2
DA:5,2
DA:9,2
DA:11,2
LF:4
LH:4
BRF:0
BRH:0
end_of_record
TN:
SF:expressError.js
FN:8,(anonymous_0)
FNF:1
FNH:0
FNDA:0,(anonymous_0)
DA:9,0
DA:10,0
DA:11,0
DA:12,0
DA:17,2
LF:5
LH:1
BRF:0
BRH:0
end_of_record
TN:
SF:routes/companies.js
FN:6,(anonymous_0)
FN:15,(anonymous_1)
FN:31,(anonymous_2)
FN:32,(anonymous_3)
FN:40,(anonymous_4)
FN:69,(anonymous_5)
FN:88,(anonymous_6)
FNF:7
FNH:5
FNDA:1,(anonymous_0)
FNDA:2,(anonymous_1)
FNDA:0,(anonymous_2)
FNDA:0,(anonymous_3)
FNDA:2,(anonymous_4)
FNDA:2,(anonymous_5)
FNDA:2,(anonymous_6)
DA:1,2
DA:2,2
DA:3,2
DA:4,2
DA:6,2
DA:7,1
DA:8,1
DA:9,1
DA:11,0
DA:15,2
DA:16,2
DA:17,2
DA:18,2
DA:20,2
DA:21,1
DA:24,1
DA:25,1
DA:30,1
DA:31,1
DA:32,1
DA:34,1
DA:36,0
DA:40,2
DA:41,2
DA:42,2
DA:44,2
DA:45,1
DA:47,1
DA:48,1
DA:53,1
DA:54,1
DA:55,1
DA:62,1
DA:64,0
DA:65,0
DA:69,2
DA:70,2
DA:71,2
DA:72,2
DA:73,2
DA:78,2
DA:79,1
DA:82,1
DA:84,0
DA:88,2
DA:89,2
DA:90,2
DA:91,2
DA:93,2
DA:94,1
DA:97,1
DA:99,0
DA:103,2
LF:53
LH:47
BRDA:20,0,0,1
BRDA:20,0,1,1
BRDA:44,1,0,1
BRDA:44,1,1,1
BRDA:53,2,0,1
BRDA:53,2,1,0
BRDA:53,3,0,1
BRDA:53,3,1,1
BRDA:78,4,0,1
BRDA:78,4,1,1
BRDA:93,5,0,1
BRDA:93,5,1,1
BRF:12
BRH:11
end_of_record
TN:
SF:routes/invoices.js
FN:5,(anonymous_0)
FN:14,(anonymous_1)
FN:56,(anonymous_2)
FN:69,(anonymous_3)
FN:97,(anonymous_4)
FNF:5
FNH:5
FNDA:1,(anonymous_0)
FNDA:2,(anonymous_1)
FNDA:1,(anonymous_2)
FNDA:2,(anonymous_3)
FNDA:2,(anonymous_4)
DA:1,2
DA:2,2
DA:3,2
DA:5,2
DA:6,1
DA:7,1
DA:8,1
DA:10,0
DA:14,2
DA:15,2
DA:16,2
DA:17,2
DA:32,2
DA:33,1
DA:36,1
DA:37,1
DA:50,1
DA:52,0
DA:56,2
DA:57,1
DA:58,1
DA:59,1
DA:63,1
DA:65,0
DA:69,2
DA:70,2
DA:71,2
DA:72,2
DA:74,2
DA:75,2
DA:76,2
DA:77,0
DA:78,0
DA:81,2
DA:86,2
DA:87,1
DA:90,1
DA:92,0
DA:97,2
DA:98,2
DA:99,2
DA:100,2
DA:102,2
DA:103,1
DA:106,1
DA:108,0
DA:112,2
LF:47
LH:40
BRDA:32,0,0,1
BRDA:32,0,1,1
BRDA:75,1,0,2
BRDA:75,1,1,0
BRDA:77,2,0,0
BRDA:77,2,1,0
BRDA:86,3,0,1
BRDA:86,3,1,1
BRDA:102,4,0,1
BRDA:102,4,1,1
BRF:10
BRH:7
end_of_record
